<?xml version="1.0" encoding="UTF-8"?>
<!-- Generated by org.testng.reporters.JUnitReportReporter -->
<testsuite hostname="DESKTOP-5VJSLSC" failures="0" tests="1" name="asssignments.UITestPractise" time="1.722" errors="0" timestamp="2024-01-12T07:09:26 IST" skipped="0">
  <testcase classname="asssignments.UITestPractise" name="verifyHomePage" time="1.722"/>
  <system-out/>
</testsuite> <!-- asssignments.UITestPractise -->
